Determining if the Q_WS_WIN exist failed with the following output:
Change Dir: /geoto/nico/nico_3d/ncmodel/build/CMakeFiles/CMakeTmp

Run Build Command:/usr/bin/gmake "cmTryCompileExec925883013/fast"
/usr/bin/gmake -f CMakeFiles/cmTryCompileExec925883013.dir/build.make CMakeFiles/cmTryCompileExec925883013.dir/build
gmake[1]: Entering directory `/geoto/nico/nico_3d/ncmodel/build/CMakeFiles/CMakeTmp'
/usr/bin/cmake -E cmake_progress_report /geoto/nico/nico_3d/ncmodel/build/CMakeFiles/CMakeTmp/CMakeFiles 1
Building CXX object CMakeFiles/cmTryCompileExec925883013.dir/CheckSymbolExists.cxx.o
/usr/bin/c++     -o CMakeFiles/cmTryCompileExec925883013.dir/CheckSymbolExists.cxx.o -c /geoto/nico/nico_3d/ncmodel/build/CMakeFiles/CMakeTmp/CheckSymbolExists.cxx
/geoto/nico/nico_3d/ncmodel/build/CMakeFiles/CMakeTmp/CheckSymbolExists.cxx: In function ‘int main(int, char**)’:
/geoto/nico/nico_3d/ncmodel/build/CMakeFiles/CMakeTmp/CheckSymbolExists.cxx:8:19: error: ‘Q_WS_WIN’ was not declared in this scope
   return ((int*)(&Q_WS_WIN))[argc];
                   ^
gmake[1]: *** [CMakeFiles/cmTryCompileExec925883013.dir/CheckSymbolExists.cxx.o] Error 1
gmake[1]: Leaving directory `/geoto/nico/nico_3d/ncmodel/build/CMakeFiles/CMakeTmp'
gmake: *** [cmTryCompileExec925883013/fast] Error 2

File /geoto/nico/nico_3d/ncmodel/build/CMakeFiles/CMakeTmp/CheckSymbolExists.cxx:
/* */
#include <QtCore/qglobal.h>

int main(int argc, char** argv)
{
  (void)argv;
#ifndef Q_WS_WIN
  return ((int*)(&Q_WS_WIN))[argc];
#else
  (void)argc;
  return 0;
#endif
}

Determining if the Q_WS_QWS exist failed with the following output:
Change Dir: /geoto/nico/nico_3d/ncmodel/build/CMakeFiles/CMakeTmp

Run Build Command:/usr/bin/gmake "cmTryCompileExec4205293596/fast"
/usr/bin/gmake -f CMakeFiles/cmTryCompileExec4205293596.dir/build.make CMakeFiles/cmTryCompileExec4205293596.dir/build
gmake[1]: Entering directory `/geoto/nico/nico_3d/ncmodel/build/CMakeFiles/CMakeTmp'
/usr/bin/cmake -E cmake_progress_report /geoto/nico/nico_3d/ncmodel/build/CMakeFiles/CMakeTmp/CMakeFiles 1
Building CXX object CMakeFiles/cmTryCompileExec4205293596.dir/CheckSymbolExists.cxx.o
/usr/bin/c++     -o CMakeFiles/cmTryCompileExec4205293596.dir/CheckSymbolExists.cxx.o -c /geoto/nico/nico_3d/ncmodel/build/CMakeFiles/CMakeTmp/CheckSymbolExists.cxx
/geoto/nico/nico_3d/ncmodel/build/CMakeFiles/CMakeTmp/CheckSymbolExists.cxx: In function ‘int main(int, char**)’:
/geoto/nico/nico_3d/ncmodel/build/CMakeFiles/CMakeTmp/CheckSymbolExists.cxx:8:19: error: ‘Q_WS_QWS’ was not declared in this scope
   return ((int*)(&Q_WS_QWS))[argc];
                   ^
gmake[1]: *** [CMakeFiles/cmTryCompileExec4205293596.dir/CheckSymbolExists.cxx.o] Error 1
gmake[1]: Leaving directory `/geoto/nico/nico_3d/ncmodel/build/CMakeFiles/CMakeTmp'
gmake: *** [cmTryCompileExec4205293596/fast] Error 2

File /geoto/nico/nico_3d/ncmodel/build/CMakeFiles/CMakeTmp/CheckSymbolExists.cxx:
/* */
#include <QtCore/qglobal.h>

int main(int argc, char** argv)
{
  (void)argv;
#ifndef Q_WS_QWS
  return ((int*)(&Q_WS_QWS))[argc];
#else
  (void)argc;
  return 0;
#endif
}

Determining if the Q_WS_MAC exist failed with the following output:
Change Dir: /geoto/nico/nico_3d/ncmodel/build/CMakeFiles/CMakeTmp

Run Build Command:/usr/bin/gmake "cmTryCompileExec2671249245/fast"
/usr/bin/gmake -f CMakeFiles/cmTryCompileExec2671249245.dir/build.make CMakeFiles/cmTryCompileExec2671249245.dir/build
gmake[1]: Entering directory `/geoto/nico/nico_3d/ncmodel/build/CMakeFiles/CMakeTmp'
/usr/bin/cmake -E cmake_progress_report /geoto/nico/nico_3d/ncmodel/build/CMakeFiles/CMakeTmp/CMakeFiles 1
Building CXX object CMakeFiles/cmTryCompileExec2671249245.dir/CheckSymbolExists.cxx.o
/usr/bin/c++     -o CMakeFiles/cmTryCompileExec2671249245.dir/CheckSymbolExists.cxx.o -c /geoto/nico/nico_3d/ncmodel/build/CMakeFiles/CMakeTmp/CheckSymbolExists.cxx
/geoto/nico/nico_3d/ncmodel/build/CMakeFiles/CMakeTmp/CheckSymbolExists.cxx: In function ‘int main(int, char**)’:
/geoto/nico/nico_3d/ncmodel/build/CMakeFiles/CMakeTmp/CheckSymbolExists.cxx:8:19: error: ‘Q_WS_MAC’ was not declared in this scope
   return ((int*)(&Q_WS_MAC))[argc];
                   ^
gmake[1]: *** [CMakeFiles/cmTryCompileExec2671249245.dir/CheckSymbolExists.cxx.o] Error 1
gmake[1]: Leaving directory `/geoto/nico/nico_3d/ncmodel/build/CMakeFiles/CMakeTmp'
gmake: *** [cmTryCompileExec2671249245/fast] Error 2

File /geoto/nico/nico_3d/ncmodel/build/CMakeFiles/CMakeTmp/CheckSymbolExists.cxx:
/* */
#include <QtCore/qglobal.h>

int main(int argc, char** argv)
{
  (void)argv;
#ifndef Q_WS_MAC
  return ((int*)(&Q_WS_MAC))[argc];
#else
  (void)argc;
  return 0;
#endif
}

